<html>
<head>
<title>TestNG:  Lottomania Web Player Test Cases</title>
<link href="../testng.css" rel="stylesheet" type="text/css" />
<link href="../my-testng.css" rel="stylesheet" type="text/css" />

<style type="text/css">
.log { display: none;} 
.stack-trace { display: none;} 
</style>
<script type="text/javascript">
<!--
function flip(e) {
  current = e.style.display;
  if (current == 'block') {
    e.style.display = 'none';
    return 0;
  }
  else {
    e.style.display = 'block';
    return 1;
  }
}

function toggleBox(szDivId, elem, msg1, msg2)
{
  var res = -1;  if (document.getElementById) {
    res = flip(document.getElementById(szDivId));
  }
  else if (document.all) {
    // this is the way old msie versions work
    res = flip(document.all[szDivId]);
  }
  if(elem) {
    if(res == 0) elem.innerHTML = msg1; else elem.innerHTML = msg2;
  }

}

function toggleAllBoxes() {
  if (document.getElementsByTagName) {
    d = document.getElementsByTagName('div');
    for (i = 0; i < d.length; i++) {
      if (d[i].className == 'log') {
        flip(d[i]);
      }
    }
  }
}

// -->
</script>

</head>
<body>
<h2 align='center'>Lottomania Web Player Test Cases</h2><table border='1' align="center">
<tr>
<td>Tests passed/Failed/Skipped:</td><td>20/3/3</td>
</tr><tr>
<td>Started on:</td><td>Wed Jul 21 20:53:39 IST 2021</td>
</tr>
<tr><td>Total time:</td><td>1111 seconds (1111817 ms)</td>
</tr><tr>
<td>Included groups:</td><td></td>
</tr><tr>
<td>Excluded groups:</td><td></td>
</tr>
</table><p/>
<small><i>(Hover the method name to see the test class name)</i></small><p/>
<table width='100%' border='1' class='invocation-failed'>
<tr><td colspan='4' align='center'><b>FAILED CONFIGURATIONS</b></td></tr>
<tr><td><b>Test method</b></td>
<td width="30%"><b>Exception</b></td>
<td width="10%"><b>Time (seconds)</b></td>
<td><b>Instance</b></td>
</tr>
<tr>
<td title='com.LottomaniaWeb.qa.testcases.BetPlacePageForPerm5Test.setUp()'><b>setUp</b><br>Test class: com.LottomaniaWeb.qa.testcases.BetPlacePageForPerm5Test</td>
<td><div><pre>org.openqa.selenium.ElementClickInterceptedException: element click intercepted: Element &lt;button class=&quot;btn btn-default dropdown-toggle dropdown-button-white ng-binding&quot; type=&quot;button&quot; id=&quot;banker&quot; data-toggle=&quot;dropdown&quot; aria-haspopup=&quot;true&quot; aria-expanded=&quot;false&quot;&gt;...&lt;/button&gt; is not clickable at point (1147, 138). Other element would receive the click: &lt;div class=&quot;modal fade show&quot; id=&quot;loginModel&quot; tabindex=&quot;-1&quot; role=&quot;dialog&quot; aria-labelledby=&quot;exampleModalCenterTitle&quot; style=&quot;display: block;&quot;&gt;...&lt;/div&gt;
  (Session info: chrome=91.0.4472.164)
Build info: version: &apos;3.141.59&apos;, revision: &apos;e82be7d358&apos;, time: &apos;2018-11-14T08:17:03&apos;
System info: host: &apos;AKASHD&apos;, ip: &apos;10.1.7.176&apos;, os.name: &apos;Windows 10&apos;, os.arch: &apos;amd64&apos;, os.version: &apos;10.0&apos;, java.version: &apos;1.8.0_66&apos;
Driver info: org.openqa.selenium.chrome.ChromeDriver
Capabilities {acceptInsecureCerts: false, browserName: chrome, browserVersion: 91.0.4472.164, chrome: {chromedriverVersion: 90.0.4430.24 (4c6d850f087da..., userDataDir: C:\Users\akashd\AppData\Loc...}, goog:chromeOptions: {debuggerAddress: localhost:55649}, javascriptEnabled: true, networkConnectionEnabled: false, pageLoadStrategy: normal, platform: WINDOWS, platformName: WINDOWS, proxy: Proxy(), setWindowRect: true, strictFileInteractability: false, timeouts: {implicit: 0, pageLoad: 300000, script: 30000}, unhandledPromptBehavior: dismiss and notify, webauthn:extension:largeBlob: true, webauthn:virtualAuthenticators: true}
Session ID: d91ae54aa4ceed4ec216cee0ef3ef68e
	at org.openqa.selenium.remote.http.W3CHttpResponseCodec.createException(W3CHttpResponseCodec.java:187)
	at org.openqa.selenium.remote.http.W3CHttpResponseCodec.decode(W3CHttpResponseCodec.java:122)
	at org.openqa.selenium.remote.http.W3CHttpResponseCodec.decode(W3CHttpResponseCodec.java:49)
	at org.openqa.selenium.remote.HttpCommandExecutor.execute(HttpCommandExecutor.java:158)
	at org.openqa.selenium.remote.service.DriverCommandExecutor.execute(DriverCommandExecutor.java:83)
	at org.openqa.selenium.remote.RemoteWebDriver.execute(RemoteWebDriver.java:552)
	at org.openqa.selenium.remote.RemoteWebElement.execute(RemoteWebElement.java:285)
	at org.openqa.selenium.remote.RemoteWebElement.click(RemoteWebElement.java:84)
	at org.openqa.selenium.support.events.EventFiringWebDriver$EventFiringWebElement.lambda$new$0(EventFiringWebDriver.java:404)
	at com.sun.proxy.$Proxy12.click(Unknown Source)
	at org.openqa.selenium.support.events.EventFiringWebDriver$EventFiringWebElement.click(EventFiringWebDriver.java:417)
	at org.openqa.selenium.support.pagefactory.internal.LocatingElementHandler.invoke(LocatingElementHandler.java:51)
	at com.sun.proxy.$Proxy11.click(Unknown Source)
	at com.LottomaniaWeb.qa.pages.HomePage.selectGame(HomePage.java:34)
	at com.LottomaniaWeb.qa.testcases.BetPlacePageForPerm5Test.setUp(BetPlacePageForPerm5Test.java:29)
... Removed 36 stack frames</pre></div><a href='#' onClick='toggleBox("stack-trace1667423474", this, "Click to show all stack frames", "Click to hide stack frames")'>Click to show all stack frames</a>
<div class='stack-trace' id='stack-trace1667423474'><pre>org.openqa.selenium.ElementClickInterceptedException: element click intercepted: Element &lt;button class=&quot;btn btn-default dropdown-toggle dropdown-button-white ng-binding&quot; type=&quot;button&quot; id=&quot;banker&quot; data-toggle=&quot;dropdown&quot; aria-haspopup=&quot;true&quot; aria-expanded=&quot;false&quot;&gt;...&lt;/button&gt; is not clickable at point (1147, 138). Other element would receive the click: &lt;div class=&quot;modal fade show&quot; id=&quot;loginModel&quot; tabindex=&quot;-1&quot; role=&quot;dialog&quot; aria-labelledby=&quot;exampleModalCenterTitle&quot; style=&quot;display: block;&quot;&gt;...&lt;/div&gt;
  (Session info: chrome=91.0.4472.164)
Build info: version: &apos;3.141.59&apos;, revision: &apos;e82be7d358&apos;, time: &apos;2018-11-14T08:17:03&apos;
System info: host: &apos;AKASHD&apos;, ip: &apos;10.1.7.176&apos;, os.name: &apos;Windows 10&apos;, os.arch: &apos;amd64&apos;, os.version: &apos;10.0&apos;, java.version: &apos;1.8.0_66&apos;
Driver info: org.openqa.selenium.chrome.ChromeDriver
Capabilities {acceptInsecureCerts: false, browserName: chrome, browserVersion: 91.0.4472.164, chrome: {chromedriverVersion: 90.0.4430.24 (4c6d850f087da..., userDataDir: C:\Users\akashd\AppData\Loc...}, goog:chromeOptions: {debuggerAddress: localhost:55649}, javascriptEnabled: true, networkConnectionEnabled: false, pageLoadStrategy: normal, platform: WINDOWS, platformName: WINDOWS, proxy: Proxy(), setWindowRect: true, strictFileInteractability: false, timeouts: {implicit: 0, pageLoad: 300000, script: 30000}, unhandledPromptBehavior: dismiss and notify, webauthn:extension:largeBlob: true, webauthn:virtualAuthenticators: true}
Session ID: d91ae54aa4ceed4ec216cee0ef3ef68e
	at sun.reflect.NativeConstructorAccessorImpl.newInstance0(Native Method)
	at sun.reflect.NativeConstructorAccessorImpl.newInstance(NativeConstructorAccessorImpl.java:62)
	at sun.reflect.DelegatingConstructorAccessorImpl.newInstance(DelegatingConstructorAccessorImpl.java:45)
	at java.lang.reflect.Constructor.newInstance(Constructor.java:422)
	at org.openqa.selenium.remote.http.W3CHttpResponseCodec.createException(W3CHttpResponseCodec.java:187)
	at org.openqa.selenium.remote.http.W3CHttpResponseCodec.decode(W3CHttpResponseCodec.java:122)
	at org.openqa.selenium.remote.http.W3CHttpResponseCodec.decode(W3CHttpResponseCodec.java:49)
	at org.openqa.selenium.remote.HttpCommandExecutor.execute(HttpCommandExecutor.java:158)
	at org.openqa.selenium.remote.service.DriverCommandExecutor.execute(DriverCommandExecutor.java:83)
	at org.openqa.selenium.remote.RemoteWebDriver.execute(RemoteWebDriver.java:552)
	at org.openqa.selenium.remote.RemoteWebElement.execute(RemoteWebElement.java:285)
	at org.openqa.selenium.remote.RemoteWebElement.click(RemoteWebElement.java:84)
	at sun.reflect.GeneratedMethodAccessor5.invoke(Unknown Source)
	at sun.reflect.DelegatingMethodAccessorImpl.invoke(DelegatingMethodAccessorImpl.java:43)
	at java.lang.reflect.Method.invoke(Method.java:497)
	at org.openqa.selenium.support.events.EventFiringWebDriver$EventFiringWebElement.lambda$new$0(EventFiringWebDriver.java:404)
	at com.sun.proxy.$Proxy12.click(Unknown Source)
	at org.openqa.selenium.support.events.EventFiringWebDriver$EventFiringWebElement.click(EventFiringWebDriver.java:417)
	at sun.reflect.GeneratedMethodAccessor5.invoke(Unknown Source)
	at sun.reflect.DelegatingMethodAccessorImpl.invoke(DelegatingMethodAccessorImpl.java:43)
	at java.lang.reflect.Method.invoke(Method.java:497)
	at org.openqa.selenium.support.pagefactory.internal.LocatingElementHandler.invoke(LocatingElementHandler.java:51)
	at com.sun.proxy.$Proxy11.click(Unknown Source)
	at com.LottomaniaWeb.qa.pages.HomePage.selectGame(HomePage.java:34)
	at com.LottomaniaWeb.qa.testcases.BetPlacePageForPerm5Test.setUp(BetPlacePageForPerm5Test.java:29)
	at sun.reflect.NativeMethodAccessorImpl.invoke0(Native Method)
	at sun.reflect.NativeMethodAccessorImpl.invoke(NativeMethodAccessorImpl.java:62)
	at sun.reflect.DelegatingMethodAccessorImpl.invoke(DelegatingMethodAccessorImpl.java:43)
	at java.lang.reflect.Method.invoke(Method.java:497)
	at org.testng.internal.MethodInvocationHelper.invokeMethod(MethodInvocationHelper.java:80)
	at org.testng.internal.Invoker.invokeConfigurationMethod(Invoker.java:564)
	at org.testng.internal.Invoker.invokeConfigurations(Invoker.java:213)
	at org.testng.internal.Invoker.invokeMethod(Invoker.java:653)
	at org.testng.internal.Invoker.invokeTestMethod(Invoker.java:901)
	at org.testng.internal.Invoker.invokeTestMethods(Invoker.java:1231)
	at org.testng.internal.TestMethodWorker.invokeTestMethods(TestMethodWorker.java:127)
	at org.testng.internal.TestMethodWorker.run(TestMethodWorker.java:111)
	at org.testng.TestRunner.privateRun(TestRunner.java:767)
	at org.testng.TestRunner.run(TestRunner.java:617)
	at org.testng.SuiteRunner.runTest(SuiteRunner.java:334)
	at org.testng.SuiteRunner.runSequentially(SuiteRunner.java:329)
	at org.testng.SuiteRunner.privateRun(SuiteRunner.java:291)
	at org.testng.SuiteRunner.run(SuiteRunner.java:240)
	at org.testng.SuiteRunnerWorker.runSuite(SuiteRunnerWorker.java:52)
	at org.testng.SuiteRunnerWorker.run(SuiteRunnerWorker.java:86)
	at org.testng.TestNG.runSuitesSequentially(TestNG.java:1198)
	at org.testng.TestNG.runSuitesLocally(TestNG.java:1123)
	at org.testng.TestNG.run(TestNG.java:1031)
	at org.testng.remote.AbstractRemoteTestNG.run(AbstractRemoteTestNG.java:126)
	at org.testng.remote.RemoteTestNG.initAndRun(RemoteTestNG.java:137)
	at org.testng.remote.RemoteTestNG.main(RemoteTestNG.java:58)
</pre></div></td>
<td>0</td>
<td>com.LottomaniaWeb.qa.testcases.BetPlacePageForPerm5Test@4667ae56</td></tr>
</table><p>
<table width='100%' border='1' class='invocation-skipped'>
<tr><td colspan='4' align='center'><b>SKIPPED CONFIGURATIONS</b></td></tr>
<tr><td><b>Test method</b></td>
<td width="30%"><b>Exception</b></td>
<td width="10%"><b>Time (seconds)</b></td>
<td><b>Instance</b></td>
</tr>
<tr>
<td title='com.LottomaniaWeb.qa.testcases.BetPlacePageForPerm5Test.setUp()'><b>setUp</b><br>Test class: com.LottomaniaWeb.qa.testcases.BetPlacePageForPerm5Test</td>
<td></td>
<td>0</td>
<td>com.LottomaniaWeb.qa.testcases.BetPlacePageForPerm5Test@4667ae56</td></tr>
<tr>
<td title='com.LottomaniaWeb.qa.testcases.BetPlacePageForPerm5Test.setUp()'><b>setUp</b><br>Test class: com.LottomaniaWeb.qa.testcases.BetPlacePageForPerm5Test</td>
<td></td>
<td>0</td>
<td>com.LottomaniaWeb.qa.testcases.BetPlacePageForPerm5Test@4667ae56</td></tr>
<tr>
<td title='com.LottomaniaWeb.qa.testcases.BetPlacePageForPerm5Test.tearDown()'><b>tearDown</b><br>Test class: com.LottomaniaWeb.qa.testcases.BetPlacePageForPerm5Test</td>
<td></td>
<td>0</td>
<td>com.LottomaniaWeb.qa.testcases.BetPlacePageForPerm5Test@4667ae56</td></tr>
<tr>
<td title='com.LottomaniaWeb.qa.testcases.BetPlacePageForPerm5Test.tearDown()'><b>tearDown</b><br>Test class: com.LottomaniaWeb.qa.testcases.BetPlacePageForPerm5Test</td>
<td></td>
<td>0</td>
<td>com.LottomaniaWeb.qa.testcases.BetPlacePageForPerm5Test@4667ae56</td></tr>
<tr>
<td title='com.LottomaniaWeb.qa.testcases.BetPlacePageForPerm5Test.tearDown()'><b>tearDown</b><br>Test class: com.LottomaniaWeb.qa.testcases.BetPlacePageForPerm5Test</td>
<td></td>
<td>0</td>
<td>com.LottomaniaWeb.qa.testcases.BetPlacePageForPerm5Test@4667ae56</td></tr>
</table><p>
<table width='100%' border='1' class='invocation-failed'>
<tr><td colspan='4' align='center'><b>FAILED TESTS</b></td></tr>
<tr><td><b>Test method</b></td>
<td width="30%"><b>Exception</b></td>
<td width="10%"><b>Time (seconds)</b></td>
<td><b>Instance</b></td>
</tr>
<tr>
<td title='com.LottomaniaWeb.qa.testcases.BetPlacePageForBankerAllTest.BankerAllBetSelection()'><b>BankerAllBetSelection</b><br>Test class: com.LottomaniaWeb.qa.testcases.BetPlacePageForBankerAllTest</td>
<td><div><pre>org.openqa.selenium.ElementClickInterceptedException: element click intercepted: Element &lt;button class=&quot;btn btn-primary dropdown-toggle perm-ch ng-binding&quot; type=&quot;button&quot; id=&quot;Perm&quot; data-toggle=&quot;dropdown&quot; aria-haspopup=&quot;true&quot; aria-expanded=&quot;false&quot;&gt;...&lt;/button&gt; is not clickable at point (519, 310). Other element would receive the click: &lt;div class=&quot;col-sm-5 welcome-box float-left no-padding hide-mbl show-ipad&quot;&gt;...&lt;/div&gt;
  (Session info: chrome=91.0.4472.164)
Build info: version: &apos;3.141.59&apos;, revision: &apos;e82be7d358&apos;, time: &apos;2018-11-14T08:17:03&apos;
System info: host: &apos;AKASHD&apos;, ip: &apos;10.1.7.176&apos;, os.name: &apos;Windows 10&apos;, os.arch: &apos;amd64&apos;, os.version: &apos;10.0&apos;, java.version: &apos;1.8.0_66&apos;
Driver info: org.openqa.selenium.chrome.ChromeDriver
Capabilities {acceptInsecureCerts: false, browserName: chrome, browserVersion: 91.0.4472.164, chrome: {chromedriverVersion: 90.0.4430.24 (4c6d850f087da..., userDataDir: C:\Users\akashd\AppData\Loc...}, goog:chromeOptions: {debuggerAddress: localhost:58892}, javascriptEnabled: true, networkConnectionEnabled: false, pageLoadStrategy: normal, platform: WINDOWS, platformName: WINDOWS, proxy: Proxy(), setWindowRect: true, strictFileInteractability: false, timeouts: {implicit: 0, pageLoad: 300000, script: 30000}, unhandledPromptBehavior: dismiss and notify, webauthn:extension:largeBlob: true, webauthn:virtualAuthenticators: true}
Session ID: 3e4ef51b511a103e39ad7d3a236a349a
	at org.openqa.selenium.remote.http.W3CHttpResponseCodec.createException(W3CHttpResponseCodec.java:187)
	at org.openqa.selenium.remote.http.W3CHttpResponseCodec.decode(W3CHttpResponseCodec.java:122)
	at org.openqa.selenium.remote.http.W3CHttpResponseCodec.decode(W3CHttpResponseCodec.java:49)
	at org.openqa.selenium.remote.HttpCommandExecutor.execute(HttpCommandExecutor.java:158)
	at org.openqa.selenium.remote.service.DriverCommandExecutor.execute(DriverCommandExecutor.java:83)
	at org.openqa.selenium.remote.RemoteWebDriver.execute(RemoteWebDriver.java:552)
	at org.openqa.selenium.remote.RemoteWebElement.execute(RemoteWebElement.java:285)
	at org.openqa.selenium.remote.RemoteWebElement.click(RemoteWebElement.java:84)
	at org.openqa.selenium.support.events.EventFiringWebDriver$EventFiringWebElement.lambda$new$0(EventFiringWebDriver.java:404)
	at com.sun.proxy.$Proxy12.click(Unknown Source)
	at org.openqa.selenium.support.events.EventFiringWebDriver$EventFiringWebElement.click(EventFiringWebDriver.java:417)
	at org.openqa.selenium.support.pagefactory.internal.LocatingElementHandler.invoke(LocatingElementHandler.java:51)
	at com.sun.proxy.$Proxy11.click(Unknown Source)
	at com.LottomaniaWeb.qa.pages.BetPlacePageForBankerAll.betTypeSelection(BetPlacePageForBankerAll.java:61)
	at com.LottomaniaWeb.qa.testcases.BetPlacePageForBankerAllTest.BankerAllBetSelection(BetPlacePageForBankerAllTest.java:39)
... Removed 34 stack frames</pre></div><a href='#' onClick='toggleBox("stack-trace872669868", this, "Click to show all stack frames", "Click to hide stack frames")'>Click to show all stack frames</a>
<div class='stack-trace' id='stack-trace872669868'><pre>org.openqa.selenium.ElementClickInterceptedException: element click intercepted: Element &lt;button class=&quot;btn btn-primary dropdown-toggle perm-ch ng-binding&quot; type=&quot;button&quot; id=&quot;Perm&quot; data-toggle=&quot;dropdown&quot; aria-haspopup=&quot;true&quot; aria-expanded=&quot;false&quot;&gt;...&lt;/button&gt; is not clickable at point (519, 310). Other element would receive the click: &lt;div class=&quot;col-sm-5 welcome-box float-left no-padding hide-mbl show-ipad&quot;&gt;...&lt;/div&gt;
  (Session info: chrome=91.0.4472.164)
Build info: version: &apos;3.141.59&apos;, revision: &apos;e82be7d358&apos;, time: &apos;2018-11-14T08:17:03&apos;
System info: host: &apos;AKASHD&apos;, ip: &apos;10.1.7.176&apos;, os.name: &apos;Windows 10&apos;, os.arch: &apos;amd64&apos;, os.version: &apos;10.0&apos;, java.version: &apos;1.8.0_66&apos;
Driver info: org.openqa.selenium.chrome.ChromeDriver
Capabilities {acceptInsecureCerts: false, browserName: chrome, browserVersion: 91.0.4472.164, chrome: {chromedriverVersion: 90.0.4430.24 (4c6d850f087da..., userDataDir: C:\Users\akashd\AppData\Loc...}, goog:chromeOptions: {debuggerAddress: localhost:58892}, javascriptEnabled: true, networkConnectionEnabled: false, pageLoadStrategy: normal, platform: WINDOWS, platformName: WINDOWS, proxy: Proxy(), setWindowRect: true, strictFileInteractability: false, timeouts: {implicit: 0, pageLoad: 300000, script: 30000}, unhandledPromptBehavior: dismiss and notify, webauthn:extension:largeBlob: true, webauthn:virtualAuthenticators: true}
Session ID: 3e4ef51b511a103e39ad7d3a236a349a
	at sun.reflect.NativeConstructorAccessorImpl.newInstance0(Native Method)
	at sun.reflect.NativeConstructorAccessorImpl.newInstance(NativeConstructorAccessorImpl.java:62)
	at sun.reflect.DelegatingConstructorAccessorImpl.newInstance(DelegatingConstructorAccessorImpl.java:45)
	at java.lang.reflect.Constructor.newInstance(Constructor.java:422)
	at org.openqa.selenium.remote.http.W3CHttpResponseCodec.createException(W3CHttpResponseCodec.java:187)
	at org.openqa.selenium.remote.http.W3CHttpResponseCodec.decode(W3CHttpResponseCodec.java:122)
	at org.openqa.selenium.remote.http.W3CHttpResponseCodec.decode(W3CHttpResponseCodec.java:49)
	at org.openqa.selenium.remote.HttpCommandExecutor.execute(HttpCommandExecutor.java:158)
	at org.openqa.selenium.remote.service.DriverCommandExecutor.execute(DriverCommandExecutor.java:83)
	at org.openqa.selenium.remote.RemoteWebDriver.execute(RemoteWebDriver.java:552)
	at org.openqa.selenium.remote.RemoteWebElement.execute(RemoteWebElement.java:285)
	at org.openqa.selenium.remote.RemoteWebElement.click(RemoteWebElement.java:84)
	at sun.reflect.GeneratedMethodAccessor5.invoke(Unknown Source)
	at sun.reflect.DelegatingMethodAccessorImpl.invoke(DelegatingMethodAccessorImpl.java:43)
	at java.lang.reflect.Method.invoke(Method.java:497)
	at org.openqa.selenium.support.events.EventFiringWebDriver$EventFiringWebElement.lambda$new$0(EventFiringWebDriver.java:404)
	at com.sun.proxy.$Proxy12.click(Unknown Source)
	at org.openqa.selenium.support.events.EventFiringWebDriver$EventFiringWebElement.click(EventFiringWebDriver.java:417)
	at sun.reflect.GeneratedMethodAccessor5.invoke(Unknown Source)
	at sun.reflect.DelegatingMethodAccessorImpl.invoke(DelegatingMethodAccessorImpl.java:43)
	at java.lang.reflect.Method.invoke(Method.java:497)
	at org.openqa.selenium.support.pagefactory.internal.LocatingElementHandler.invoke(LocatingElementHandler.java:51)
	at com.sun.proxy.$Proxy11.click(Unknown Source)
	at com.LottomaniaWeb.qa.pages.BetPlacePageForBankerAll.betTypeSelection(BetPlacePageForBankerAll.java:61)
	at com.LottomaniaWeb.qa.testcases.BetPlacePageForBankerAllTest.BankerAllBetSelection(BetPlacePageForBankerAllTest.java:39)
	at sun.reflect.NativeMethodAccessorImpl.invoke0(Native Method)
	at sun.reflect.NativeMethodAccessorImpl.invoke(NativeMethodAccessorImpl.java:62)
	at sun.reflect.DelegatingMethodAccessorImpl.invoke(DelegatingMethodAccessorImpl.java:43)
	at java.lang.reflect.Method.invoke(Method.java:497)
	at org.testng.internal.MethodInvocationHelper.invokeMethod(MethodInvocationHelper.java:80)
	at org.testng.internal.Invoker.invokeMethod(Invoker.java:714)
	at org.testng.internal.Invoker.invokeTestMethod(Invoker.java:901)
	at org.testng.internal.Invoker.invokeTestMethods(Invoker.java:1231)
	at org.testng.internal.TestMethodWorker.invokeTestMethods(TestMethodWorker.java:127)
	at org.testng.internal.TestMethodWorker.run(TestMethodWorker.java:111)
	at org.testng.TestRunner.privateRun(TestRunner.java:767)
	at org.testng.TestRunner.run(TestRunner.java:617)
	at org.testng.SuiteRunner.runTest(SuiteRunner.java:334)
	at org.testng.SuiteRunner.runSequentially(SuiteRunner.java:329)
	at org.testng.SuiteRunner.privateRun(SuiteRunner.java:291)
	at org.testng.SuiteRunner.run(SuiteRunner.java:240)
	at org.testng.SuiteRunnerWorker.runSuite(SuiteRunnerWorker.java:52)
	at org.testng.SuiteRunnerWorker.run(SuiteRunnerWorker.java:86)
	at org.testng.TestNG.runSuitesSequentially(TestNG.java:1198)
	at org.testng.TestNG.runSuitesLocally(TestNG.java:1123)
	at org.testng.TestNG.run(TestNG.java:1031)
	at org.testng.remote.AbstractRemoteTestNG.run(AbstractRemoteTestNG.java:126)
	at org.testng.remote.RemoteTestNG.initAndRun(RemoteTestNG.java:137)
	at org.testng.remote.RemoteTestNG.main(RemoteTestNG.java:58)
</pre></div></td>
<td>2</td>
<td>com.LottomaniaWeb.qa.testcases.BetPlacePageForBankerAllTest@e25b2fe</td></tr>
<tr>
<td title='com.LottomaniaWeb.qa.testcases.BetPlacePageForNap2Test.Nap2BetSelection()'><b>Nap2BetSelection</b><br>Test class: com.LottomaniaWeb.qa.testcases.BetPlacePageForNap2Test</td>
<td><div><pre>org.openqa.selenium.ElementClickInterceptedException: element click intercepted: Element &lt;button class=&quot;btn btn-primary dropdown-toggle perm-ch ng-binding&quot; type=&quot;button&quot; id=&quot;Perm&quot; data-toggle=&quot;dropdown&quot; aria-haspopup=&quot;true&quot; aria-expanded=&quot;false&quot;&gt;...&lt;/button&gt; is not clickable at point (519, 310). Other element would receive the click: &lt;div class=&quot;col-sm-5 welcome-box float-left no-padding hide-mbl show-ipad&quot;&gt;...&lt;/div&gt;
  (Session info: chrome=91.0.4472.164)
Build info: version: &apos;3.141.59&apos;, revision: &apos;e82be7d358&apos;, time: &apos;2018-11-14T08:17:03&apos;
System info: host: &apos;AKASHD&apos;, ip: &apos;10.1.7.176&apos;, os.name: &apos;Windows 10&apos;, os.arch: &apos;amd64&apos;, os.version: &apos;10.0&apos;, java.version: &apos;1.8.0_66&apos;
Driver info: org.openqa.selenium.chrome.ChromeDriver
Capabilities {acceptInsecureCerts: false, browserName: chrome, browserVersion: 91.0.4472.164, chrome: {chromedriverVersion: 90.0.4430.24 (4c6d850f087da..., userDataDir: C:\Users\akashd\AppData\Loc...}, goog:chromeOptions: {debuggerAddress: localhost:64927}, javascriptEnabled: true, networkConnectionEnabled: false, pageLoadStrategy: normal, platform: WINDOWS, platformName: WINDOWS, proxy: Proxy(), setWindowRect: true, strictFileInteractability: false, timeouts: {implicit: 0, pageLoad: 300000, script: 30000}, unhandledPromptBehavior: dismiss and notify, webauthn:extension:largeBlob: true, webauthn:virtualAuthenticators: true}
Session ID: de25b6fdac1ece0b1c27961e323a3cb6
	at org.openqa.selenium.remote.http.W3CHttpResponseCodec.createException(W3CHttpResponseCodec.java:187)
	at org.openqa.selenium.remote.http.W3CHttpResponseCodec.decode(W3CHttpResponseCodec.java:122)
	at org.openqa.selenium.remote.http.W3CHttpResponseCodec.decode(W3CHttpResponseCodec.java:49)
	at org.openqa.selenium.remote.HttpCommandExecutor.execute(HttpCommandExecutor.java:158)
	at org.openqa.selenium.remote.service.DriverCommandExecutor.execute(DriverCommandExecutor.java:83)
	at org.openqa.selenium.remote.RemoteWebDriver.execute(RemoteWebDriver.java:552)
	at org.openqa.selenium.remote.RemoteWebElement.execute(RemoteWebElement.java:285)
	at org.openqa.selenium.remote.RemoteWebElement.click(RemoteWebElement.java:84)
	at org.openqa.selenium.support.events.EventFiringWebDriver$EventFiringWebElement.lambda$new$0(EventFiringWebDriver.java:404)
	at com.sun.proxy.$Proxy12.click(Unknown Source)
	at org.openqa.selenium.support.events.EventFiringWebDriver$EventFiringWebElement.click(EventFiringWebDriver.java:417)
	at org.openqa.selenium.support.pagefactory.internal.LocatingElementHandler.invoke(LocatingElementHandler.java:51)
	at com.sun.proxy.$Proxy11.click(Unknown Source)
	at com.LottomaniaWeb.qa.pages.BetPlacePageForNap2.betTypeSelection(BetPlacePageForNap2.java:55)
	at com.LottomaniaWeb.qa.testcases.BetPlacePageForNap2Test.Nap2BetSelection(BetPlacePageForNap2Test.java:38)
... Removed 34 stack frames</pre></div><a href='#' onClick='toggleBox("stack-trace1454499111", this, "Click to show all stack frames", "Click to hide stack frames")'>Click to show all stack frames</a>
<div class='stack-trace' id='stack-trace1454499111'><pre>org.openqa.selenium.ElementClickInterceptedException: element click intercepted: Element &lt;button class=&quot;btn btn-primary dropdown-toggle perm-ch ng-binding&quot; type=&quot;button&quot; id=&quot;Perm&quot; data-toggle=&quot;dropdown&quot; aria-haspopup=&quot;true&quot; aria-expanded=&quot;false&quot;&gt;...&lt;/button&gt; is not clickable at point (519, 310). Other element would receive the click: &lt;div class=&quot;col-sm-5 welcome-box float-left no-padding hide-mbl show-ipad&quot;&gt;...&lt;/div&gt;
  (Session info: chrome=91.0.4472.164)
Build info: version: &apos;3.141.59&apos;, revision: &apos;e82be7d358&apos;, time: &apos;2018-11-14T08:17:03&apos;
System info: host: &apos;AKASHD&apos;, ip: &apos;10.1.7.176&apos;, os.name: &apos;Windows 10&apos;, os.arch: &apos;amd64&apos;, os.version: &apos;10.0&apos;, java.version: &apos;1.8.0_66&apos;
Driver info: org.openqa.selenium.chrome.ChromeDriver
Capabilities {acceptInsecureCerts: false, browserName: chrome, browserVersion: 91.0.4472.164, chrome: {chromedriverVersion: 90.0.4430.24 (4c6d850f087da..., userDataDir: C:\Users\akashd\AppData\Loc...}, goog:chromeOptions: {debuggerAddress: localhost:64927}, javascriptEnabled: true, networkConnectionEnabled: false, pageLoadStrategy: normal, platform: WINDOWS, platformName: WINDOWS, proxy: Proxy(), setWindowRect: true, strictFileInteractability: false, timeouts: {implicit: 0, pageLoad: 300000, script: 30000}, unhandledPromptBehavior: dismiss and notify, webauthn:extension:largeBlob: true, webauthn:virtualAuthenticators: true}
Session ID: de25b6fdac1ece0b1c27961e323a3cb6
	at sun.reflect.NativeConstructorAccessorImpl.newInstance0(Native Method)
	at sun.reflect.NativeConstructorAccessorImpl.newInstance(NativeConstructorAccessorImpl.java:62)
	at sun.reflect.DelegatingConstructorAccessorImpl.newInstance(DelegatingConstructorAccessorImpl.java:45)
	at java.lang.reflect.Constructor.newInstance(Constructor.java:422)
	at org.openqa.selenium.remote.http.W3CHttpResponseCodec.createException(W3CHttpResponseCodec.java:187)
	at org.openqa.selenium.remote.http.W3CHttpResponseCodec.decode(W3CHttpResponseCodec.java:122)
	at org.openqa.selenium.remote.http.W3CHttpResponseCodec.decode(W3CHttpResponseCodec.java:49)
	at org.openqa.selenium.remote.HttpCommandExecutor.execute(HttpCommandExecutor.java:158)
	at org.openqa.selenium.remote.service.DriverCommandExecutor.execute(DriverCommandExecutor.java:83)
	at org.openqa.selenium.remote.RemoteWebDriver.execute(RemoteWebDriver.java:552)
	at org.openqa.selenium.remote.RemoteWebElement.execute(RemoteWebElement.java:285)
	at org.openqa.selenium.remote.RemoteWebElement.click(RemoteWebElement.java:84)
	at sun.reflect.GeneratedMethodAccessor5.invoke(Unknown Source)
	at sun.reflect.DelegatingMethodAccessorImpl.invoke(DelegatingMethodAccessorImpl.java:43)
	at java.lang.reflect.Method.invoke(Method.java:497)
	at org.openqa.selenium.support.events.EventFiringWebDriver$EventFiringWebElement.lambda$new$0(EventFiringWebDriver.java:404)
	at com.sun.proxy.$Proxy12.click(Unknown Source)
	at org.openqa.selenium.support.events.EventFiringWebDriver$EventFiringWebElement.click(EventFiringWebDriver.java:417)
	at sun.reflect.GeneratedMethodAccessor5.invoke(Unknown Source)
	at sun.reflect.DelegatingMethodAccessorImpl.invoke(DelegatingMethodAccessorImpl.java:43)
	at java.lang.reflect.Method.invoke(Method.java:497)
	at org.openqa.selenium.support.pagefactory.internal.LocatingElementHandler.invoke(LocatingElementHandler.java:51)
	at com.sun.proxy.$Proxy11.click(Unknown Source)
	at com.LottomaniaWeb.qa.pages.BetPlacePageForNap2.betTypeSelection(BetPlacePageForNap2.java:55)
	at com.LottomaniaWeb.qa.testcases.BetPlacePageForNap2Test.Nap2BetSelection(BetPlacePageForNap2Test.java:38)
	at sun.reflect.NativeMethodAccessorImpl.invoke0(Native Method)
	at sun.reflect.NativeMethodAccessorImpl.invoke(NativeMethodAccessorImpl.java:62)
	at sun.reflect.DelegatingMethodAccessorImpl.invoke(DelegatingMethodAccessorImpl.java:43)
	at java.lang.reflect.Method.invoke(Method.java:497)
	at org.testng.internal.MethodInvocationHelper.invokeMethod(MethodInvocationHelper.java:80)
	at org.testng.internal.Invoker.invokeMethod(Invoker.java:714)
	at org.testng.internal.Invoker.invokeTestMethod(Invoker.java:901)
	at org.testng.internal.Invoker.invokeTestMethods(Invoker.java:1231)
	at org.testng.internal.TestMethodWorker.invokeTestMethods(TestMethodWorker.java:127)
	at org.testng.internal.TestMethodWorker.run(TestMethodWorker.java:111)
	at org.testng.TestRunner.privateRun(TestRunner.java:767)
	at org.testng.TestRunner.run(TestRunner.java:617)
	at org.testng.SuiteRunner.runTest(SuiteRunner.java:334)
	at org.testng.SuiteRunner.runSequentially(SuiteRunner.java:329)
	at org.testng.SuiteRunner.privateRun(SuiteRunner.java:291)
	at org.testng.SuiteRunner.run(SuiteRunner.java:240)
	at org.testng.SuiteRunnerWorker.runSuite(SuiteRunnerWorker.java:52)
	at org.testng.SuiteRunnerWorker.run(SuiteRunnerWorker.java:86)
	at org.testng.TestNG.runSuitesSequentially(TestNG.java:1198)
	at org.testng.TestNG.runSuitesLocally(TestNG.java:1123)
	at org.testng.TestNG.run(TestNG.java:1031)
	at org.testng.remote.AbstractRemoteTestNG.run(AbstractRemoteTestNG.java:126)
	at org.testng.remote.RemoteTestNG.initAndRun(RemoteTestNG.java:137)
	at org.testng.remote.RemoteTestNG.main(RemoteTestNG.java:58)
</pre></div></td>
<td>3</td>
<td>com.LottomaniaWeb.qa.testcases.BetPlacePageForNap2Test@77cd7a0</td></tr>
<tr>
<td title='com.LottomaniaWeb.qa.testcases.BetPlacePageForNap3Test.Nap3BetSelection()'><b>Nap3BetSelection</b><br>Test class: com.LottomaniaWeb.qa.testcases.BetPlacePageForNap3Test</td>
<td><div><pre>org.openqa.selenium.ElementClickInterceptedException: element click intercepted: Element &lt;button class=&quot;btn btn-primary dropdown-toggle perm-ch ng-binding&quot; type=&quot;button&quot; id=&quot;Perm&quot; data-toggle=&quot;dropdown&quot; aria-haspopup=&quot;true&quot; aria-expanded=&quot;false&quot;&gt;...&lt;/button&gt; is not clickable at point (519, 310). Other element would receive the click: &lt;div class=&quot;col-sm-5 welcome-box float-left no-padding hide-mbl show-ipad&quot;&gt;...&lt;/div&gt;
  (Session info: chrome=91.0.4472.164)
Build info: version: &apos;3.141.59&apos;, revision: &apos;e82be7d358&apos;, time: &apos;2018-11-14T08:17:03&apos;
System info: host: &apos;AKASHD&apos;, ip: &apos;10.1.7.176&apos;, os.name: &apos;Windows 10&apos;, os.arch: &apos;amd64&apos;, os.version: &apos;10.0&apos;, java.version: &apos;1.8.0_66&apos;
Driver info: org.openqa.selenium.chrome.ChromeDriver
Capabilities {acceptInsecureCerts: false, browserName: chrome, browserVersion: 91.0.4472.164, chrome: {chromedriverVersion: 90.0.4430.24 (4c6d850f087da..., userDataDir: C:\Users\akashd\AppData\Loc...}, goog:chromeOptions: {debuggerAddress: localhost:55047}, javascriptEnabled: true, networkConnectionEnabled: false, pageLoadStrategy: normal, platform: WINDOWS, platformName: WINDOWS, proxy: Proxy(), setWindowRect: true, strictFileInteractability: false, timeouts: {implicit: 0, pageLoad: 300000, script: 30000}, unhandledPromptBehavior: dismiss and notify, webauthn:extension:largeBlob: true, webauthn:virtualAuthenticators: true}
Session ID: 4e92706326f00db9a782755ce8401091
	at org.openqa.selenium.remote.http.W3CHttpResponseCodec.createException(W3CHttpResponseCodec.java:187)
	at org.openqa.selenium.remote.http.W3CHttpResponseCodec.decode(W3CHttpResponseCodec.java:122)
	at org.openqa.selenium.remote.http.W3CHttpResponseCodec.decode(W3CHttpResponseCodec.java:49)
	at org.openqa.selenium.remote.HttpCommandExecutor.execute(HttpCommandExecutor.java:158)
	at org.openqa.selenium.remote.service.DriverCommandExecutor.execute(DriverCommandExecutor.java:83)
	at org.openqa.selenium.remote.RemoteWebDriver.execute(RemoteWebDriver.java:552)
	at org.openqa.selenium.remote.RemoteWebElement.execute(RemoteWebElement.java:285)
	at org.openqa.selenium.remote.RemoteWebElement.click(RemoteWebElement.java:84)
	at org.openqa.selenium.support.events.EventFiringWebDriver$EventFiringWebElement.lambda$new$0(EventFiringWebDriver.java:404)
	at com.sun.proxy.$Proxy12.click(Unknown Source)
	at org.openqa.selenium.support.events.EventFiringWebDriver$EventFiringWebElement.click(EventFiringWebDriver.java:417)
	at org.openqa.selenium.support.pagefactory.internal.LocatingElementHandler.invoke(LocatingElementHandler.java:51)
	at com.sun.proxy.$Proxy11.click(Unknown Source)
	at com.LottomaniaWeb.qa.pages.BetPlacePageForNap3.betTypeSelection(BetPlacePageForNap3.java:55)
	at com.LottomaniaWeb.qa.testcases.BetPlacePageForNap3Test.Nap3BetSelection(BetPlacePageForNap3Test.java:38)
... Removed 34 stack frames</pre></div><a href='#' onClick='toggleBox("stack-trace890491412", this, "Click to show all stack frames", "Click to hide stack frames")'>Click to show all stack frames</a>
<div class='stack-trace' id='stack-trace890491412'><pre>org.openqa.selenium.ElementClickInterceptedException: element click intercepted: Element &lt;button class=&quot;btn btn-primary dropdown-toggle perm-ch ng-binding&quot; type=&quot;button&quot; id=&quot;Perm&quot; data-toggle=&quot;dropdown&quot; aria-haspopup=&quot;true&quot; aria-expanded=&quot;false&quot;&gt;...&lt;/button&gt; is not clickable at point (519, 310). Other element would receive the click: &lt;div class=&quot;col-sm-5 welcome-box float-left no-padding hide-mbl show-ipad&quot;&gt;...&lt;/div&gt;
  (Session info: chrome=91.0.4472.164)
Build info: version: &apos;3.141.59&apos;, revision: &apos;e82be7d358&apos;, time: &apos;2018-11-14T08:17:03&apos;
System info: host: &apos;AKASHD&apos;, ip: &apos;10.1.7.176&apos;, os.name: &apos;Windows 10&apos;, os.arch: &apos;amd64&apos;, os.version: &apos;10.0&apos;, java.version: &apos;1.8.0_66&apos;
Driver info: org.openqa.selenium.chrome.ChromeDriver
Capabilities {acceptInsecureCerts: false, browserName: chrome, browserVersion: 91.0.4472.164, chrome: {chromedriverVersion: 90.0.4430.24 (4c6d850f087da..., userDataDir: C:\Users\akashd\AppData\Loc...}, goog:chromeOptions: {debuggerAddress: localhost:55047}, javascriptEnabled: true, networkConnectionEnabled: false, pageLoadStrategy: normal, platform: WINDOWS, platformName: WINDOWS, proxy: Proxy(), setWindowRect: true, strictFileInteractability: false, timeouts: {implicit: 0, pageLoad: 300000, script: 30000}, unhandledPromptBehavior: dismiss and notify, webauthn:extension:largeBlob: true, webauthn:virtualAuthenticators: true}
Session ID: 4e92706326f00db9a782755ce8401091
	at sun.reflect.NativeConstructorAccessorImpl.newInstance0(Native Method)
	at sun.reflect.NativeConstructorAccessorImpl.newInstance(NativeConstructorAccessorImpl.java:62)
	at sun.reflect.DelegatingConstructorAccessorImpl.newInstance(DelegatingConstructorAccessorImpl.java:45)
	at java.lang.reflect.Constructor.newInstance(Constructor.java:422)
	at org.openqa.selenium.remote.http.W3CHttpResponseCodec.createException(W3CHttpResponseCodec.java:187)
	at org.openqa.selenium.remote.http.W3CHttpResponseCodec.decode(W3CHttpResponseCodec.java:122)
	at org.openqa.selenium.remote.http.W3CHttpResponseCodec.decode(W3CHttpResponseCodec.java:49)
	at org.openqa.selenium.remote.HttpCommandExecutor.execute(HttpCommandExecutor.java:158)
	at org.openqa.selenium.remote.service.DriverCommandExecutor.execute(DriverCommandExecutor.java:83)
	at org.openqa.selenium.remote.RemoteWebDriver.execute(RemoteWebDriver.java:552)
	at org.openqa.selenium.remote.RemoteWebElement.execute(RemoteWebElement.java:285)
	at org.openqa.selenium.remote.RemoteWebElement.click(RemoteWebElement.java:84)
	at sun.reflect.GeneratedMethodAccessor5.invoke(Unknown Source)
	at sun.reflect.DelegatingMethodAccessorImpl.invoke(DelegatingMethodAccessorImpl.java:43)
	at java.lang.reflect.Method.invoke(Method.java:497)
	at org.openqa.selenium.support.events.EventFiringWebDriver$EventFiringWebElement.lambda$new$0(EventFiringWebDriver.java:404)
	at com.sun.proxy.$Proxy12.click(Unknown Source)
	at org.openqa.selenium.support.events.EventFiringWebDriver$EventFiringWebElement.click(EventFiringWebDriver.java:417)
	at sun.reflect.GeneratedMethodAccessor5.invoke(Unknown Source)
	at sun.reflect.DelegatingMethodAccessorImpl.invoke(DelegatingMethodAccessorImpl.java:43)
	at java.lang.reflect.Method.invoke(Method.java:497)
	at org.openqa.selenium.support.pagefactory.internal.LocatingElementHandler.invoke(LocatingElementHandler.java:51)
	at com.sun.proxy.$Proxy11.click(Unknown Source)
	at com.LottomaniaWeb.qa.pages.BetPlacePageForNap3.betTypeSelection(BetPlacePageForNap3.java:55)
	at com.LottomaniaWeb.qa.testcases.BetPlacePageForNap3Test.Nap3BetSelection(BetPlacePageForNap3Test.java:38)
	at sun.reflect.NativeMethodAccessorImpl.invoke0(Native Method)
	at sun.reflect.NativeMethodAccessorImpl.invoke(NativeMethodAccessorImpl.java:62)
	at sun.reflect.DelegatingMethodAccessorImpl.invoke(DelegatingMethodAccessorImpl.java:43)
	at java.lang.reflect.Method.invoke(Method.java:497)
	at org.testng.internal.MethodInvocationHelper.invokeMethod(MethodInvocationHelper.java:80)
	at org.testng.internal.Invoker.invokeMethod(Invoker.java:714)
	at org.testng.internal.Invoker.invokeTestMethod(Invoker.java:901)
	at org.testng.internal.Invoker.invokeTestMethods(Invoker.java:1231)
	at org.testng.internal.TestMethodWorker.invokeTestMethods(TestMethodWorker.java:127)
	at org.testng.internal.TestMethodWorker.run(TestMethodWorker.java:111)
	at org.testng.TestRunner.privateRun(TestRunner.java:767)
	at org.testng.TestRunner.run(TestRunner.java:617)
	at org.testng.SuiteRunner.runTest(SuiteRunner.java:334)
	at org.testng.SuiteRunner.runSequentially(SuiteRunner.java:329)
	at org.testng.SuiteRunner.privateRun(SuiteRunner.java:291)
	at org.testng.SuiteRunner.run(SuiteRunner.java:240)
	at org.testng.SuiteRunnerWorker.runSuite(SuiteRunnerWorker.java:52)
	at org.testng.SuiteRunnerWorker.run(SuiteRunnerWorker.java:86)
	at org.testng.TestNG.runSuitesSequentially(TestNG.java:1198)
	at org.testng.TestNG.runSuitesLocally(TestNG.java:1123)
	at org.testng.TestNG.run(TestNG.java:1031)
	at org.testng.remote.AbstractRemoteTestNG.run(AbstractRemoteTestNG.java:126)
	at org.testng.remote.RemoteTestNG.initAndRun(RemoteTestNG.java:137)
	at org.testng.remote.RemoteTestNG.main(RemoteTestNG.java:58)
</pre></div></td>
<td>5</td>
<td>com.LottomaniaWeb.qa.testcases.BetPlacePageForNap3Test@42e26948</td></tr>
</table><p>
<table width='100%' border='1' class='invocation-passed'>
<tr><td colspan='4' align='center'><b>PASSED TESTS</b></td></tr>
<tr><td><b>Test method</b></td>
<td width="30%"><b>Exception</b></td>
<td width="10%"><b>Time (seconds)</b></td>
<td><b>Instance</b></td>
</tr>
<tr>
<td title='com.LottomaniaWeb.qa.testcases.BetPlacePageForExtra6Test.Extra6BetSelection()'><b>Extra6BetSelection</b><br>Test class: com.LottomaniaWeb.qa.testcases.BetPlacePageForExtra6Test</td>
<td></td>
<td>4</td>
<td>com.LottomaniaWeb.qa.testcases.BetPlacePageForExtra6Test@1794d431</td></tr>
<tr>
<td title='com.LottomaniaWeb.qa.testcases.BetPlacePageForExtra7Test.Extra7BetSelection()'><b>Extra7BetSelection</b><br>Test class: com.LottomaniaWeb.qa.testcases.BetPlacePageForExtra7Test</td>
<td></td>
<td>5</td>
<td>com.LottomaniaWeb.qa.testcases.BetPlacePageForExtra7Test@4883b407</td></tr>
<tr>
<td title='com.LottomaniaWeb.qa.testcases.BetPlacePageForFirstNumberTest.FirstNumberBetSelection()'><b>FirstNumberBetSelection</b><br>Test class: com.LottomaniaWeb.qa.testcases.BetPlacePageForFirstNumberTest</td>
<td></td>
<td>11</td>
<td>com.LottomaniaWeb.qa.testcases.BetPlacePageForFirstNumberTest@57baeedf</td></tr>
<tr>
<td title='com.LottomaniaWeb.qa.testcases.BetPlacePageTest.Nap2BetSelection()'><b>Nap2BetSelection</b><br>Test class: com.LottomaniaWeb.qa.testcases.BetPlacePageTest</td>
<td></td>
<td>33</td>
<td>com.LottomaniaWeb.qa.testcases.BetPlacePageTest@754ba872</td></tr>
<tr>
<td title='com.LottomaniaWeb.qa.testcases.BetPlacePageTest.Nap3BetSelection()'><b>Nap3BetSelection</b><br>Test class: com.LottomaniaWeb.qa.testcases.BetPlacePageTest</td>
<td></td>
<td>14</td>
<td>com.LottomaniaWeb.qa.testcases.BetPlacePageTest@754ba872</td></tr>
<tr>
<td title='com.LottomaniaWeb.qa.testcases.BetPlacePageForNap4Test.Nap4BetSelection()'><b>Nap4BetSelection</b><br>Test class: com.LottomaniaWeb.qa.testcases.BetPlacePageForNap4Test</td>
<td></td>
<td>23</td>
<td>com.LottomaniaWeb.qa.testcases.BetPlacePageForNap4Test@6093dd95</td></tr>
<tr>
<td title='com.LottomaniaWeb.qa.testcases.BetPlacePageForNap5Test.Nap5BetSelection()'><b>Nap5BetSelection</b><br>Test class: com.LottomaniaWeb.qa.testcases.BetPlacePageForNap5Test</td>
<td></td>
<td>26</td>
<td>com.LottomaniaWeb.qa.testcases.BetPlacePageForNap5Test@5442a311</td></tr>
<tr>
<td title='com.LottomaniaWeb.qa.testcases.BetPlacePageForPerm2Test.Perm2BetSelection()'><b>Perm2BetSelection</b><br>Test class: com.LottomaniaWeb.qa.testcases.BetPlacePageForPerm2Test</td>
<td></td>
<td>22</td>
<td>com.LottomaniaWeb.qa.testcases.BetPlacePageForPerm2Test@548e7350</td></tr>
<tr>
<td title='com.LottomaniaWeb.qa.testcases.BetPlacePageForPerm2Test.Perm2BetSelection1()'><b>Perm2BetSelection1</b><br>Test class: com.LottomaniaWeb.qa.testcases.BetPlacePageForPerm2Test</td>
<td></td>
<td>11</td>
<td>com.LottomaniaWeb.qa.testcases.BetPlacePageForPerm2Test@548e7350</td></tr>
<tr>
<td title='com.LottomaniaWeb.qa.testcases.BetPlacePageForPerm3Test.Perm3BetSelection()'><b>Perm3BetSelection</b><br>Test class: com.LottomaniaWeb.qa.testcases.BetPlacePageForPerm3Test</td>
<td></td>
<td>17</td>
<td>com.LottomaniaWeb.qa.testcases.BetPlacePageForPerm3Test@66a3ffec</td></tr>
<tr>
<td title='com.LottomaniaWeb.qa.testcases.BetPlacePageForPerm3Test.Perm3BetSelectionMachine()'><b>Perm3BetSelectionMachine</b><br>Test class: com.LottomaniaWeb.qa.testcases.BetPlacePageForPerm3Test</td>
<td></td>
<td>10</td>
<td>com.LottomaniaWeb.qa.testcases.BetPlacePageForPerm3Test@66a3ffec</td></tr>
<tr>
<td title='com.LottomaniaWeb.qa.testcases.BetPlacePageForPerm4Test.Perm4BetSelectionDouble()'><b>Perm4BetSelectionDouble</b><br>Test class: com.LottomaniaWeb.qa.testcases.BetPlacePageForPerm4Test</td>
<td></td>
<td>17</td>
<td>com.LottomaniaWeb.qa.testcases.BetPlacePageForPerm4Test@1a968a59</td></tr>
<tr>
<td title='com.LottomaniaWeb.qa.testcases.BetPlacePageForPerm4Test.Perm4BetSelectionMachine()'><b>Perm4BetSelectionMachine</b><br>Test class: com.LottomaniaWeb.qa.testcases.BetPlacePageForPerm4Test</td>
<td></td>
<td>11</td>
<td>com.LottomaniaWeb.qa.testcases.BetPlacePageForPerm4Test@1a968a59</td></tr>
<tr>
<td title='com.LottomaniaWeb.qa.testcases.BetPlacePageForPerm4Test.Perm4BetSelectionNormal()'><b>Perm4BetSelectionNormal</b><br>Test class: com.LottomaniaWeb.qa.testcases.BetPlacePageForPerm4Test</td>
<td></td>
<td>11</td>
<td>com.LottomaniaWeb.qa.testcases.BetPlacePageForPerm4Test@1a968a59</td></tr>
<tr>
<td title='com.LottomaniaWeb.qa.testcases.BetPlacePageForPermAgainstTest.PermAgainstBetSelection()'><b>PermAgainstBetSelection</b><br>Test class: com.LottomaniaWeb.qa.testcases.BetPlacePageForPermAgainstTest</td>
<td></td>
<td>25</td>
<td>com.LottomaniaWeb.qa.testcases.BetPlacePageForPermAgainstTest@7d9d1a19</td></tr>
<tr>
<td title='com.LottomaniaWeb.qa.testcases.BetPlacePageForTurbo2Test.Turbo2BetSelection()'><b>Turbo2BetSelection</b><br>Test class: com.LottomaniaWeb.qa.testcases.BetPlacePageForTurbo2Test</td>
<td></td>
<td>5</td>
<td>com.LottomaniaWeb.qa.testcases.BetPlacePageForTurbo2Test@39c0f4a</td></tr>
<tr>
<td title='com.LottomaniaWeb.qa.testcases.BetPlacePageForTurbo3Test.Turbo2BetSelection()'><b>Turbo2BetSelection</b><br>Test class: com.LottomaniaWeb.qa.testcases.BetPlacePageForTurbo3Test</td>
<td></td>
<td>5</td>
<td>com.LottomaniaWeb.qa.testcases.BetPlacePageForTurbo3Test@204f30ec</td></tr>
<tr>
<td title='com.LottomaniaWeb.qa.testcases.BetPlacePageForTurbo4Test.Turbo2BetSelection()'><b>Turbo2BetSelection</b><br>Test class: com.LottomaniaWeb.qa.testcases.BetPlacePageForTurbo4Test</td>
<td></td>
<td>4</td>
<td>com.LottomaniaWeb.qa.testcases.BetPlacePageForTurbo4Test@53b32d7</td></tr>
<tr>
<td title='com.LottomaniaWeb.qa.testcases.BetPlacePageForTurbo2SplitTest.Turbo2BetSelection()'><b>Turbo2BetSelection</b><br>Test class: com.LottomaniaWeb.qa.testcases.BetPlacePageForTurbo2SplitTest</td>
<td></td>
<td>5</td>
<td>com.LottomaniaWeb.qa.testcases.BetPlacePageForTurbo2SplitTest@5622fdf</td></tr>
<tr>
<td title='com.LottomaniaWeb.qa.testcases.BetPlacePageForTurbo5Test.Turbo5BetSelection()'><b>Turbo5BetSelection</b><br>Test class: com.LottomaniaWeb.qa.testcases.BetPlacePageForTurbo5Test</td>
<td></td>
<td>5</td>
<td>com.LottomaniaWeb.qa.testcases.BetPlacePageForTurbo5Test@343f4d3d</td></tr>
</table><p>
<table width='100%' border='1' class='invocation-skipped'>
<tr><td colspan='4' align='center'><b>SKIPPED TESTS</b></td></tr>
<tr><td><b>Test method</b></td>
<td width="30%"><b>Exception</b></td>
<td width="10%"><b>Time (seconds)</b></td>
<td><b>Instance</b></td>
</tr>
<tr>
<td title='com.LottomaniaWeb.qa.testcases.BetPlacePageForPerm5Test.Perm5BetSelectionDouble()'><b>Perm5BetSelectionDouble</b><br>Test class: com.LottomaniaWeb.qa.testcases.BetPlacePageForPerm5Test</td>
<td></td>
<td>0</td>
<td>com.LottomaniaWeb.qa.testcases.BetPlacePageForPerm5Test@4667ae56</td></tr>
<tr>
<td title='com.LottomaniaWeb.qa.testcases.BetPlacePageForPerm5Test.Perm5BetSelectionMachine()'><b>Perm5BetSelectionMachine</b><br>Test class: com.LottomaniaWeb.qa.testcases.BetPlacePageForPerm5Test</td>
<td></td>
<td>0</td>
<td>com.LottomaniaWeb.qa.testcases.BetPlacePageForPerm5Test@4667ae56</td></tr>
<tr>
<td title='com.LottomaniaWeb.qa.testcases.BetPlacePageForPerm5Test.Perm5BetSelectionNormal()'><b>Perm5BetSelectionNormal</b><br>Test class: com.LottomaniaWeb.qa.testcases.BetPlacePageForPerm5Test</td>
<td></td>
<td>0</td>
<td>com.LottomaniaWeb.qa.testcases.BetPlacePageForPerm5Test@4667ae56</td></tr>
</table><p>
</body>
</html>