<?xml version="1.0" encoding="UTF-8"?>
<!-- Generated by org.testng.reporters.JUnitXMLReporter -->
<testsuite hostname="akashd" name="Lottomania Web Player Test Cases" tests="17" failures="0" timestamp="23 Jun 2021 05:02:38 GMT" time="488.897" errors="0">
  <testcase name="@BeforeMethod setUp" time="0.0" classname="com.LottomaniaWeb.qa.testcases.BetPlacePageForPerm4Test">
    <failure type="org.openqa.selenium.StaleElementReferenceException" message="stale element reference: element is not attached to the page document
  (Session info: chrome=91.0.4472.106)
For documentation on this error, please visit: https://www.seleniumhq.org/exceptions/stale_element_reference.html
Build info: version: &amp;apos;3.141.59&amp;apos;, revision: &amp;apos;e82be7d358&amp;apos;, time: &amp;apos;2018-11-14T08:17:03&amp;apos;
System info: host: &amp;apos;AKASHD&amp;apos;, ip: &amp;apos;10.1.7.176&amp;apos;, os.name: &amp;apos;Windows 10&amp;apos;, os.arch: &amp;apos;amd64&amp;apos;, os.version: &amp;apos;10.0&amp;apos;, java.version: &amp;apos;1.8.0_66&amp;apos;
Driver info: org.openqa.selenium.chrome.ChromeDriver
Capabilities {acceptInsecureCerts: false, browserName: chrome, browserVersion: 91.0.4472.106, chrome: {chromedriverVersion: 90.0.4430.24 (4c6d850f087da..., userDataDir: C:\Users\akashd\AppData\Loc...}, goog:chromeOptions: {debuggerAddress: localhost:59946}, javascriptEnabled: true, networkConnectionEnabled: false, pageLoadStrategy: normal, platform: WINDOWS, platformName: WINDOWS, proxy: Proxy(), setWindowRect: true, strictFileInteractability: false, timeouts: {implicit: 0, pageLoad: 300000, script: 30000}, unhandledPromptBehavior: dismiss and notify, webauthn:extension:largeBlob: true, webauthn:virtualAuthenticators: true}
Session ID: 59861b5dc373851ccaf6920284d31a14">
      <![CDATA[org.openqa.selenium.StaleElementReferenceException: stale element reference: element is not attached to the page document
  (Session info: chrome=91.0.4472.106)
For documentation on this error, please visit: https://www.seleniumhq.org/exceptions/stale_element_reference.html
Build info: version: '3.141.59', revision: 'e82be7d358', time: '2018-11-14T08:17:03'
System info: host: 'AKASHD', ip: '10.1.7.176', os.name: 'Windows 10', os.arch: 'amd64', os.version: '10.0', java.version: '1.8.0_66'
Driver info: org.openqa.selenium.chrome.ChromeDriver
Capabilities {acceptInsecureCerts: false, browserName: chrome, browserVersion: 91.0.4472.106, chrome: {chromedriverVersion: 90.0.4430.24 (4c6d850f087da..., userDataDir: C:\Users\akashd\AppData\Loc...}, goog:chromeOptions: {debuggerAddress: localhost:59946}, javascriptEnabled: true, networkConnectionEnabled: false, pageLoadStrategy: normal, platform: WINDOWS, platformName: WINDOWS, proxy: Proxy(), setWindowRect: true, strictFileInteractability: false, timeouts: {implicit: 0, pageLoad: 300000, script: 30000}, unhandledPromptBehavior: dismiss and notify, webauthn:extension:largeBlob: true, webauthn:virtualAuthenticators: true}
Session ID: 59861b5dc373851ccaf6920284d31a14
	at org.openqa.selenium.remote.http.W3CHttpResponseCodec.createException(W3CHttpResponseCodec.java:187)
	at org.openqa.selenium.remote.http.W3CHttpResponseCodec.decode(W3CHttpResponseCodec.java:122)
	at org.openqa.selenium.remote.http.W3CHttpResponseCodec.decode(W3CHttpResponseCodec.java:49)
	at org.openqa.selenium.remote.HttpCommandExecutor.execute(HttpCommandExecutor.java:158)
	at org.openqa.selenium.remote.service.DriverCommandExecutor.execute(DriverCommandExecutor.java:83)
	at org.openqa.selenium.remote.RemoteWebDriver.execute(RemoteWebDriver.java:552)
	at org.openqa.selenium.remote.RemoteWebElement.execute(RemoteWebElement.java:285)
	at org.openqa.selenium.remote.RemoteWebElement.click(RemoteWebElement.java:84)
	at org.openqa.selenium.support.events.EventFiringWebDriver$EventFiringWebElement.lambda$new$0(EventFiringWebDriver.java:404)
	at com.sun.proxy.$Proxy12.click(Unknown Source)
	at org.openqa.selenium.support.events.EventFiringWebDriver$EventFiringWebElement.click(EventFiringWebDriver.java:417)
	at org.openqa.selenium.support.pagefactory.internal.LocatingElementHandler.invoke(LocatingElementHandler.java:51)
	at com.sun.proxy.$Proxy11.click(Unknown Source)
	at com.LottomaniaWeb.qa.pages.HomePage.selectGame(HomePage.java:32)
	at com.LottomaniaWeb.qa.testcases.BetPlacePageForPerm4Test.setUp(BetPlacePageForPerm4Test.java:29)
... Removed 36 stack frames]]>
    </failure>
  </testcase> <!-- @BeforeMethod setUp -->
  <testcase name="@AfterMethod tearDown" time="0.0" classname="com.LottomaniaWeb.qa.testcases.BetPlacePageForPerm4Test">
    <skipped/>
  </testcase> <!-- @AfterMethod tearDown -->
  <testcase name="@BeforeMethod setUp" time="0.0" classname="com.LottomaniaWeb.qa.testcases.BetPlacePageForPerm5Test">
    <failure type="org.openqa.selenium.StaleElementReferenceException" message="stale element reference: element is not attached to the page document
  (Session info: chrome=91.0.4472.106)
For documentation on this error, please visit: https://www.seleniumhq.org/exceptions/stale_element_reference.html
Build info: version: &amp;apos;3.141.59&amp;apos;, revision: &amp;apos;e82be7d358&amp;apos;, time: &amp;apos;2018-11-14T08:17:03&amp;apos;
System info: host: &amp;apos;AKASHD&amp;apos;, ip: &amp;apos;10.1.7.176&amp;apos;, os.name: &amp;apos;Windows 10&amp;apos;, os.arch: &amp;apos;amd64&amp;apos;, os.version: &amp;apos;10.0&amp;apos;, java.version: &amp;apos;1.8.0_66&amp;apos;
Driver info: org.openqa.selenium.chrome.ChromeDriver
Capabilities {acceptInsecureCerts: false, browserName: chrome, browserVersion: 91.0.4472.106, chrome: {chromedriverVersion: 90.0.4430.24 (4c6d850f087da..., userDataDir: C:\Users\akashd\AppData\Loc...}, goog:chromeOptions: {debuggerAddress: localhost:65256}, javascriptEnabled: true, networkConnectionEnabled: false, pageLoadStrategy: normal, platform: WINDOWS, platformName: WINDOWS, proxy: Proxy(), setWindowRect: true, strictFileInteractability: false, timeouts: {implicit: 0, pageLoad: 300000, script: 30000}, unhandledPromptBehavior: dismiss and notify, webauthn:extension:largeBlob: true, webauthn:virtualAuthenticators: true}
Session ID: ee5e72c55b30ea45e22125f9efdf1aaf">
      <![CDATA[org.openqa.selenium.StaleElementReferenceException: stale element reference: element is not attached to the page document
  (Session info: chrome=91.0.4472.106)
For documentation on this error, please visit: https://www.seleniumhq.org/exceptions/stale_element_reference.html
Build info: version: '3.141.59', revision: 'e82be7d358', time: '2018-11-14T08:17:03'
System info: host: 'AKASHD', ip: '10.1.7.176', os.name: 'Windows 10', os.arch: 'amd64', os.version: '10.0', java.version: '1.8.0_66'
Driver info: org.openqa.selenium.chrome.ChromeDriver
Capabilities {acceptInsecureCerts: false, browserName: chrome, browserVersion: 91.0.4472.106, chrome: {chromedriverVersion: 90.0.4430.24 (4c6d850f087da..., userDataDir: C:\Users\akashd\AppData\Loc...}, goog:chromeOptions: {debuggerAddress: localhost:65256}, javascriptEnabled: true, networkConnectionEnabled: false, pageLoadStrategy: normal, platform: WINDOWS, platformName: WINDOWS, proxy: Proxy(), setWindowRect: true, strictFileInteractability: false, timeouts: {implicit: 0, pageLoad: 300000, script: 30000}, unhandledPromptBehavior: dismiss and notify, webauthn:extension:largeBlob: true, webauthn:virtualAuthenticators: true}
Session ID: ee5e72c55b30ea45e22125f9efdf1aaf
	at org.openqa.selenium.remote.http.W3CHttpResponseCodec.createException(W3CHttpResponseCodec.java:187)
	at org.openqa.selenium.remote.http.W3CHttpResponseCodec.decode(W3CHttpResponseCodec.java:122)
	at org.openqa.selenium.remote.http.W3CHttpResponseCodec.decode(W3CHttpResponseCodec.java:49)
	at org.openqa.selenium.remote.HttpCommandExecutor.execute(HttpCommandExecutor.java:158)
	at org.openqa.selenium.remote.service.DriverCommandExecutor.execute(DriverCommandExecutor.java:83)
	at org.openqa.selenium.remote.RemoteWebDriver.execute(RemoteWebDriver.java:552)
	at org.openqa.selenium.remote.RemoteWebElement.execute(RemoteWebElement.java:285)
	at org.openqa.selenium.remote.RemoteWebElement.click(RemoteWebElement.java:84)
	at org.openqa.selenium.support.events.EventFiringWebDriver$EventFiringWebElement.lambda$new$0(EventFiringWebDriver.java:404)
	at com.sun.proxy.$Proxy12.click(Unknown Source)
	at org.openqa.selenium.support.events.EventFiringWebDriver$EventFiringWebElement.click(EventFiringWebDriver.java:417)
	at org.openqa.selenium.support.pagefactory.internal.LocatingElementHandler.invoke(LocatingElementHandler.java:51)
	at com.sun.proxy.$Proxy11.click(Unknown Source)
	at com.LottomaniaWeb.qa.pages.HomePage.selectGame(HomePage.java:32)
	at com.LottomaniaWeb.qa.testcases.BetPlacePageForPerm5Test.setUp(BetPlacePageForPerm5Test.java:29)
... Removed 36 stack frames]]>
    </failure>
  </testcase> <!-- @BeforeMethod setUp -->
  <testcase name="@AfterMethod tearDown" time="0.0" classname="com.LottomaniaWeb.qa.testcases.BetPlacePageForPerm5Test">
    <skipped/>
  </testcase> <!-- @AfterMethod tearDown -->
  <testcase name="BankerAllBetSelection" time="10.37" classname="com.LottomaniaWeb.qa.testcases.BetPlacePageForBankerAllTest"/>
  <testcase name="FirstNumberBetSelection" time="11.65" classname="com.LottomaniaWeb.qa.testcases.BetPlacePageForFirstNumberTest"/>
  <testcase name="PermAgainstBetSelection" time="23.214" classname="com.LottomaniaWeb.qa.testcases.BetPlacePageForPermAgainstTest"/>
  <testcase name="Nap2BetSelection" time="9.373" classname="com.LottomaniaWeb.qa.testcases.BetPlacePageTest"/>
  <testcase name="Nap3BetSelection" time="16.691" classname="com.LottomaniaWeb.qa.testcases.BetPlacePageTest"/>
  <testcase name="Nap4BetSelection" time="18.69" classname="com.LottomaniaWeb.qa.testcases.BetPlacePageForNap4Test"/>
  <testcase name="Nap5BetSelection" time="18.457" classname="com.LottomaniaWeb.qa.testcases.BetPlacePageForNap5Test"/>
  <testcase name="Perm2BetSelection" time="25.958" classname="com.LottomaniaWeb.qa.testcases.BetPlacePageForPerm2Test"/>
  <testcase name="Perm2BetSelection1" time="13.505" classname="com.LottomaniaWeb.qa.testcases.BetPlacePageForPerm2Test"/>
  <testcase name="Perm3BetSelection" time="22.398" classname="com.LottomaniaWeb.qa.testcases.BetPlacePageForPerm3Test"/>
  <testcase name="Perm2BetSelection1" time="10.187" classname="com.LottomaniaWeb.qa.testcases.BetPlacePageForPerm3Test"/>
  <testcase name="Perm4BetSelectionNormal" time="13.851" classname="com.LottomaniaWeb.qa.testcases.BetPlacePageForPerm4Test"/>
  <testcase name="Perm4BetSelectionDouble" time="16.369" classname="com.LottomaniaWeb.qa.testcases.BetPlacePageForPerm4Test"/>
  <testcase name="Perm4BetSelectionMachine" time="0.044" classname="com.LottomaniaWeb.qa.testcases.BetPlacePageForPerm4Test">
    <skipped/>
  </testcase> <!-- Perm4BetSelectionMachine -->
  <testcase name="Perm5BetSelectionNormal" time="16.649" classname="com.LottomaniaWeb.qa.testcases.BetPlacePageForPerm5Test"/>
  <testcase name="Perm5BetSelectionDouble" time="17.56" classname="com.LottomaniaWeb.qa.testcases.BetPlacePageForPerm5Test"/>
  <testcase name="Perm5BetSelectionMachine" time="0.007" classname="com.LottomaniaWeb.qa.testcases.BetPlacePageForPerm5Test">
    <skipped/>
  </testcase> <!-- Perm5BetSelectionMachine -->
</testsuite> <!-- Lottomania Web Player Test Cases -->
